2018-12-04 08:22:05.852  INFO 10112 --- [main] com.zxyy.yusx.myddc.MyddcApplication     : Starting MyddcApplication on DESKTOP-PI16VLH with PID 10112 (D:\project\2018\myddc\target\classes started by Administrator in D:\project\2018\myddc)
2018-12-04 08:22:05.883  INFO 10112 --- [main] com.zxyy.yusx.myddc.MyddcApplication     : No active profile set, falling back to default profiles: default
2018-12-04 08:22:05.993  INFO 10112 --- [main] ConfigServletWebServerApplicationContext : Refreshing org.springframework.boot.web.servlet.context.AnnotationConfigServletWebServerApplicationContext@52f27fbd: startup date [Tue Dec 04 08:22:05 CST 2018]; root of context hierarchy
2018-12-04 08:22:15.306  WARN 10112 --- [main] t.m.s.mapper.ClassPathMapperScanner      : No MyBatis mapper was found in '[com.zxyy.yusx.myddc]' package. Please check your configuration.
2018-12-04 08:22:15.666  WARN 10112 --- [main] o.m.s.mapper.ClassPathMapperScanner      : No MyBatis mapper was found in '[com.zxyy.yusx.myddc]' package. Please check your configuration.
2018-12-04 08:22:24.120  INFO 10112 --- [main] o.s.b.w.embedded.tomcat.TomcatWebServer  : Tomcat initialized with port(s): 8081 (http)
2018-12-04 08:22:24.416  INFO 10112 --- [main] o.apache.catalina.core.StandardService   : Starting service [Tomcat]
2018-12-04 08:22:24.432  INFO 10112 --- [main] org.apache.catalina.core.StandardEngine  : Starting Servlet Engine: Apache Tomcat/8.5.32
2018-12-04 08:22:24.526  INFO 10112 --- [localhost-startStop-1] o.a.catalina.core.AprLifecycleListener   : The APR based Apache Tomcat Native library which allows optimal performance in production environments was not found on the java.library.path: [C:\Program Files\Java\jdk1.8.0_161\jre\bin;C:\Windows\Sun\Java\bin;C:\Windows\system32;C:\Windows;E:\oracle\product\10.2.0\client_1\BIN;C:\Program Files\Microsoft MPI\Bin\;C:\ProgramData\Oracle\Java\javapath;C:\Windows\system32;C:\Windows;C:\Windows\System32\Wbem;C:\Windows\System32\WindowsPowerShell\v1.0\;C:\Program Files\Java\jdk1.8.0_161\bin;D:\software\apache-maven-3.5.3\bin;C:\Program Files\Git\cmd;D:\software\gradle-2.5\bin;C:\Program Files\MySQL\MySQL Utilities 1.6\;C:\Program Files\nodejs\;C:\Program Files\PuTTY\;C:\Program Files\dotnet\;C:\Program Files\Microsoft SQL Server\130\Tools\Binn\;C:\Program Files (x86)\Microsoft SQL Server\140\Tools\Binn\;C:\Program Files\Microsoft SQL Server\140\Tools\Binn\;C:\Program Files (x86)\Microsoft SQL Server\140\DTS\Binn\;C:\Program Files\Microsoft SQL Server\140\DTS\Binn\;C:\Program Files\Microsoft SQL Server\Client SDK\ODBC\130\Tools\Binn\;C:\Program Files\TortoiseSVN\bin;D:\software\instantclient_11_2\NETWORK\ADMIN;C:\Users\Administrator\AppData\Local\Programs\Python\Python37-32\Scripts\;C:\Users\Administrator\AppData\Local\Programs\Python\Python37-32\;C:\Users\Administrator\AppData\Local\Microsoft\WindowsApps;C:\Users\Administrator\AppData\Roaming\npm;.]
2018-12-04 08:22:25.557  INFO 10112 --- [localhost-startStop-1] o.a.c.c.C.[Tomcat].[localhost].[/]       : Initializing Spring embedded WebApplicationContext
2018-12-04 08:22:25.557  INFO 10112 --- [localhost-startStop-1] o.s.web.context.ContextLoader            : Root WebApplicationContext: initialization completed in 19564 ms
2018-12-04 08:22:26.542  INFO 10112 --- [localhost-startStop-1] o.s.b.w.servlet.ServletRegistrationBean  : Servlet statViewServlet mapped to [/druid/*]
2018-12-04 08:22:26.557  INFO 10112 --- [localhost-startStop-1] o.s.b.w.servlet.ServletRegistrationBean  : Servlet dispatcherServlet mapped to [/]
2018-12-04 08:22:26.589  INFO 10112 --- [localhost-startStop-1] o.s.b.w.servlet.FilterRegistrationBean   : Mapping filter: 'characterEncodingFilter' to: [/*]
2018-12-04 08:22:26.604  INFO 10112 --- [localhost-startStop-1] o.s.b.w.servlet.FilterRegistrationBean   : Mapping filter: 'hiddenHttpMethodFilter' to: [/*]
2018-12-04 08:22:26.604  INFO 10112 --- [localhost-startStop-1] o.s.b.w.servlet.FilterRegistrationBean   : Mapping filter: 'httpPutFormContentFilter' to: [/*]
2018-12-04 08:22:26.604  INFO 10112 --- [localhost-startStop-1] o.s.b.w.servlet.FilterRegistrationBean   : Mapping filter: 'requestContextFilter' to: [/*]
2018-12-04 08:22:26.604  INFO 10112 --- [localhost-startStop-1] o.s.b.w.servlet.FilterRegistrationBean   : Mapping filter: 'webStatFilter' to urls: [/*]
2018-12-04 08:22:33.261  INFO 10112 --- [main] o.s.w.s.handler.SimpleUrlHandlerMapping  : Mapped URL path [/**/favicon.ico] onto handler of type [class org.springframework.web.servlet.resource.ResourceHttpRequestHandler]
2018-12-04 08:22:33.573  INFO 10112 --- [main] s.w.s.m.m.a.RequestMappingHandlerAdapter : Looking for @ControllerAdvice: org.springframework.boot.web.servlet.context.AnnotationConfigServletWebServerApplicationContext@52f27fbd: startup date [Tue Dec 04 08:22:05 CST 2018]; root of context hierarchy
2018-12-04 08:22:33.698  INFO 10112 --- [main] s.w.s.m.m.a.RequestMappingHandlerMapping : Mapped "{[/cyuan/zykshi],methods=[GET]}" onto public com.zxyy.yusx.myddc.result.AjaxResult com.zxyy.yusx.myddc.controller.CYuanController.getZyuanKshi()
2018-12-04 08:22:33.698  INFO 10112 --- [main] s.w.s.m.m.a.RequestMappingHandlerMapping : Mapped "{[/cyuan/addcyuan]}" onto public com.zxyy.yusx.myddc.result.AjaxResult com.zxyy.yusx.myddc.controller.CYuanController.addCyuan(com.zxyy.yusx.myddc.model.CyuanVo)
2018-12-04 08:22:33.698  INFO 10112 --- [main] s.w.s.m.m.a.RequestMappingHandlerMapping : Mapped "{[/cyuan/count],methods=[GET]}" onto public com.zxyy.yusx.myddc.result.AjaxResult com.zxyy.yusx.myddc.controller.CYuanController.cyuanCount()
2018-12-04 08:22:33.714  INFO 10112 --- [main] s.w.s.m.m.a.RequestMappingHandlerMapping : Mapped "{[/cyuan/countbycondition],methods=[GET]}" onto public com.zxyy.yusx.myddc.result.AjaxResult com.zxyy.yusx.myddc.controller.CYuanController.cyuanCountByCondition(java.lang.String,java.lang.String,java.lang.String)
2018-12-04 08:22:33.714  INFO 10112 --- [main] s.w.s.m.m.a.RequestMappingHandlerMapping : Mapped "{[/export/zgong],methods=[POST]}" onto public void com.zxyy.yusx.myddc.controller.ExportController.zgongReport(javax.servlet.http.HttpServletRequest,javax.servlet.http.HttpServletResponse,java.lang.String,java.lang.String,java.lang.String)
2018-12-04 08:22:33.714  INFO 10112 --- [main] s.w.s.m.m.a.RequestMappingHandlerMapping : Mapped "{[/export/report],methods=[POST]}" onto public void com.zxyy.yusx.myddc.controller.ExportController.cyuanReport(javax.servlet.http.HttpServletRequest,javax.servlet.http.HttpServletResponse,java.lang.String,java.lang.String,java.lang.String)
2018-12-04 08:22:33.714  INFO 10112 --- [main] s.w.s.m.m.a.RequestMappingHandlerMapping : Mapped "{[/ss/addssdcys]}" onto public com.zxyy.yusx.myddc.result.AjaxResult com.zxyy.yusx.myddc.controller.KtYsController.addSsdcys(com.zxyy.yusx.myddc.model.KtYsVo)
2018-12-04 08:22:33.714  INFO 10112 --- [main] s.w.s.m.m.a.RequestMappingHandlerMapping : Mapped "{[/depts],methods=[GET]}" onto public com.zxyy.yusx.myddc.result.AjaxResult com.zxyy.yusx.myddc.controller.SurveyDoController.allDepts()
2018-12-04 08:22:33.714  INFO 10112 --- [main] s.w.s.m.m.a.RequestMappingHandlerMapping : Mapped "{[/report1],methods=[GET]}" onto public com.zxyy.yusx.myddc.result.AjaxResult com.zxyy.yusx.myddc.controller.SurveyDoController.surveyVo1List()
2018-12-04 08:22:33.714  INFO 10112 --- [main] s.w.s.m.m.a.RequestMappingHandlerMapping : Mapped "{[/totalprecent/{deptCode}],methods=[GET]}" onto public com.zxyy.yusx.myddc.result.AjaxResult com.zxyy.yusx.myddc.controller.SurveyDoController.totalPrecent(java.lang.String)
2018-12-04 08:22:33.714  INFO 10112 --- [main] s.w.s.m.m.a.RequestMappingHandlerMapping : Mapped "{[/adddoc],methods=[POST]}" onto public com.zxyy.yusx.myddc.result.AjaxResult com.zxyy.yusx.myddc.controller.SurveyDoController.addSurveyDoc(java.util.Map<java.lang.String, java.lang.Object>,javax.servlet.http.HttpServletRequest,javax.servlet.http.HttpServletResponse)
2018-12-04 08:22:33.714  INFO 10112 --- [main] s.w.s.m.m.a.RequestMappingHandlerMapping : Mapped "{[/login/{username}],methods=[GET]}" onto public com.zxyy.yusx.myddc.result.AjaxResult com.zxyy.yusx.myddc.controller.SurveyUserController.login(java.lang.String,javax.servlet.http.HttpServletRequest)
2018-12-04 08:22:33.730  INFO 10112 --- [main] s.w.s.m.m.a.RequestMappingHandlerMapping : Mapped "{[/zgong/dcdetail],methods=[GET]}" onto public com.zxyy.yusx.myddc.result.AjaxResult com.zxyy.yusx.myddc.controller.ZGongController.getDcDetail(java.lang.String,java.lang.String,java.lang.String)
2018-12-04 08:22:33.730  INFO 10112 --- [main] s.w.s.m.m.a.RequestMappingHandlerMapping : Mapped "{[/zgong/getdchz],methods=[GET]}" onto public com.zxyy.yusx.myddc.result.AjaxResult com.zxyy.yusx.myddc.controller.ZGongController.getDcxs()
2018-12-04 08:22:33.730  INFO 10112 --- [main] s.w.s.m.m.a.RequestMappingHandlerMapping : Mapped "{[/zgong/addczgong]}" onto public com.zxyy.yusx.myddc.result.AjaxResult com.zxyy.yusx.myddc.controller.ZGongController.addZgong(com.zxyy.yusx.myddc.model.ZGongVo,javax.servlet.http.HttpServletRequest)
2018-12-04 08:22:33.730  INFO 10112 --- [main] s.w.s.m.m.a.RequestMappingHandlerMapping : Mapped "{[/zgong/countbycondition],methods=[GET]}" onto public com.zxyy.yusx.myddc.result.AjaxResult com.zxyy.yusx.myddc.controller.ZGongController.getDcxsByCondition(java.lang.String,java.lang.String,java.lang.String)
2018-12-04 08:22:33.730  INFO 10112 --- [main] s.w.s.m.m.a.RequestMappingHandlerMapping : Mapped "{[/error]}" onto public org.springframework.http.ResponseEntity<java.util.Map<java.lang.String, java.lang.Object>> org.springframework.boot.autoconfigure.web.servlet.error.BasicErrorController.error(javax.servlet.http.HttpServletRequest)
2018-12-04 08:22:33.730  INFO 10112 --- [main] s.w.s.m.m.a.RequestMappingHandlerMapping : Mapped "{[/error],produces=[text/html]}" onto public org.springframework.web.servlet.ModelAndView org.springframework.boot.autoconfigure.web.servlet.error.BasicErrorController.errorHtml(javax.servlet.http.HttpServletRequest,javax.servlet.http.HttpServletResponse)
2018-12-04 08:22:33.777  INFO 10112 --- [main] o.s.w.s.handler.SimpleUrlHandlerMapping  : Mapped URL path [/webjars/**] onto handler of type [class org.springframework.web.servlet.resource.ResourceHttpRequestHandler]
2018-12-04 08:22:33.777  INFO 10112 --- [main] o.s.w.s.handler.SimpleUrlHandlerMapping  : Mapped URL path [/**] onto handler of type [class org.springframework.web.servlet.resource.ResourceHttpRequestHandler]
2018-12-04 08:22:33.917  INFO 10112 --- [main] t.m.m.autoconfigure.MapperCacheDisabler  : Clear tk.mybatis.mapper.util.MsUtil CLASS_CACHE cache.
2018-12-04 08:22:33.933  INFO 10112 --- [main] t.m.m.autoconfigure.MapperCacheDisabler  : Clear tk.mybatis.mapper.genid.GenIdUtil CACHE cache.
2018-12-04 08:22:33.933  INFO 10112 --- [main] t.m.m.autoconfigure.MapperCacheDisabler  : Clear tk.mybatis.mapper.version.VersionUtil CACHE cache.
2018-12-04 08:22:33.933  INFO 10112 --- [main] t.m.m.autoconfigure.MapperCacheDisabler  : Clear EntityHelper entityTableMap cache.
2018-12-04 08:22:34.245  INFO 10112 --- [main] o.s.j.e.a.AnnotationMBeanExporter        : Registering beans for JMX exposure on startup
2018-12-04 08:22:34.245  INFO 10112 --- [main] o.s.j.e.a.AnnotationMBeanExporter        : Bean with name 'dataSource' has been autodetected for JMX exposure
2018-12-04 08:22:34.261  INFO 10112 --- [main] o.s.j.e.a.AnnotationMBeanExporter        : Located MBean 'dataSource': registering with JMX server as MBean [com.alibaba.druid.pool:name=dataSource,type=DruidDataSource]
2018-12-04 08:22:34.324  INFO 10112 --- [main] o.s.b.w.embedded.tomcat.TomcatWebServer  : Tomcat started on port(s): 8081 (http) with context path ''
2018-12-04 08:22:34.324  INFO 10112 --- [main] com.zxyy.yusx.myddc.MyddcApplication     : Started MyddcApplication in 32.644 seconds (JVM running for 60.192)
2018-12-04 09:19:09.021  INFO 10112 --- [http-nio-8081-exec-1] o.a.c.c.C.[Tomcat].[localhost].[/]       : Initializing Spring FrameworkServlet 'dispatcherServlet'
2018-12-04 09:19:09.022  INFO 10112 --- [http-nio-8081-exec-1] o.s.web.servlet.DispatcherServlet        : FrameworkServlet 'dispatcherServlet': initialization started
2018-12-04 09:19:09.066  INFO 10112 --- [http-nio-8081-exec-1] o.s.web.servlet.DispatcherServlet        : FrameworkServlet 'dispatcherServlet': initialization completed in 43 ms
2018-12-04 09:19:18.750  INFO 10112 --- [http-nio-8081-exec-1] com.alibaba.druid.pool.DruidDataSource   : {dataSource-1} inited
2018-12-04 09:19:18.815 DEBUG 10112 --- [http-nio-8081-exec-1] c.z.y.m.m.YyKshiMapper.selectByExample   : ==>  Preparing: SELECT id,deptcode,deptname,spellcode,depttype FROM yy_kshi WHERE ( depttype = ? ) 
2018-12-04 09:19:20.143 DEBUG 10112 --- [http-nio-8081-exec-1] c.z.y.m.m.YyKshiMapper.selectByExample   : ==> Parameters: I(String)
2018-12-04 09:19:20.401 DEBUG 10112 --- [http-nio-8081-exec-1] c.z.y.m.m.YyKshiMapper.selectByExample   : <==      Total: 99
